[debug] [2021-04-30T10:08:58.826Z] ----------------------------------------------------------------------
[debug] [2021-04-30T10:08:58.828Z] Command:       C:\Program Files (x86)\nodejs\node.exe C:\Users\DELL\AppData\Roaming\npm\node_modules\firebase-tools\lib\bin\firebase.js init
[debug] [2021-04-30T10:08:58.828Z] CLI Version:   9.10.0
[debug] [2021-04-30T10:08:58.829Z] Platform:      win32
[debug] [2021-04-30T10:08:58.829Z] Node Version:  v14.16.0
[debug] [2021-04-30T10:08:58.830Z] Time:          Fri Apr 30 2021 15:38:58 GMT+0530 (India Standard Time)
[debug] [2021-04-30T10:08:58.831Z] ----------------------------------------------------------------------
[debug] 
[debug] [2021-04-30T10:08:58.837Z] > command requires scopes: ["email","openid","https://www.googleapis.com/auth/cloudplatformprojects.readonly","https://www.googleapis.com/auth/firebase","https://www.googleapis.com/auth/cloud-platform"]
[debug] [2021-04-30T10:08:58.837Z] > authorizing via signed-in user (pateldhara196@gmail.com)
[info] 
     ######## #### ########  ######## ########     ###     ######  ########
     ##        ##  ##     ## ##       ##     ##  ##   ##  ##       ##
     ######    ##  ########  ######   ########  #########  ######  ######
     ##        ##  ##    ##  ##       ##     ## ##     ##       ## ##
     ##       #### ##     ## ######## ########  ##     ##  ######  ########

You're about to initialize a Firebase project in this directory:

  D:\xamppinstall\htdocs\react\todolist

[info] 
=== Project Setup
[info] 
[info] First, let's associate this project directory with a Firebase project.
[info] You can create multiple project aliases by running firebase use --add, 
[info] but for now we'll just set up a default project.
[info] 
[debug] [2021-04-30T10:09:18.144Z] >>> [apiv2][query] GET https://firebase.googleapis.com/v1beta1/projects pageSize=100
[debug] [2021-04-30T10:09:19.403Z] <<< [apiv2][status] GET https://firebase.googleapis.com/v1beta1/projects 200
[debug] [2021-04-30T10:09:19.403Z] <<< [apiv2][body] GET https://firebase.googleapis.com/v1beta1/projects [omitted]
[info] i  Using project todolist-3c0ef (todolist) 
[info] 
=== Hosting Setup
[info] 
[info] Your public directory is the folder (relative to your project directory) that
[info] will contain Hosting assets to be uploaded with firebase deploy. If you
[info] have a build process for your assets, use your build's output directory.
[info] 
[debug] [2021-04-30T10:09:34.362Z] >>> [apiv2][query] GET https://www.gstatic.com/firebasejs/releases.json [none]
[debug] [2021-04-30T10:09:34.757Z] <<< [apiv2][status] GET https://www.gstatic.com/firebasejs/releases.json 200
[debug] [2021-04-30T10:09:34.758Z] <<< [apiv2][body] GET https://www.gstatic.com/firebasejs/releases.json {"current":{"version":"8.4.3","browserURL":"https://www.gstatic.com/firebasejs/8.4.3/firebase.js","packageURL":"https://www.gstatic.com/firebasejs/8.4.3/firebase.tgz"},"live":{"version":"8.4","browserURL":"https://www.gstatic.com/firebasejs/live/8.4/firebase.js","packageURL":"https://www.gstatic.com/firebasejs/live/8.4/firebase.tgz"},"components":{"analytics":"https://www.gstatic.com/firebasejs/8.4.3/firebase-analytics.js","app":"https://www.gstatic.com/firebasejs/8.4.3/firebase-app.js","auth":"https://www.gstatic.com/firebasejs/8.4.3/firebase-auth.js","database":"https://www.gstatic.com/firebasejs/8.4.3/firebase-database.js","firestore":"https://www.gstatic.com/firebasejs/8.4.3/firebase-firestore.js","functions":"https://www.gstatic.com/firebasejs/8.4.3/firebase-functions.js","installations":"https://www.gstatic.com/firebasejs/8.4.3/firebase-installations.js","messaging":"https://www.gstatic.com/firebasejs/8.4.3/firebase-messaging.js","storage":"https://www.gstatic.com/firebasejs/8.4.3/firebase-storage.js","performance":"https://www.gstatic.com/firebasejs/8.4.3/firebase-performance.js","remote-config":"https://www.gstatic.com/firebasejs/8.4.3/firebase-remote-config.js","firestore.memory":"https://www.gstatic.com/firebasejs/8.4.3/firebase-firestore.memory.js"}}
[info] +  Wrote biild/index.html 
[info] 
[info] i  Detected a .git folder at D:\xamppinstall\htdocs\react\todolist 
[info] i  Authorizing with GitHub to upload your service account to a GitHub repository's secrets store. 
[info] 
[info] Visit this URL on this device to log in:
[info] https://github.com/login/oauth/authorize?client_id=89cf50f02ac6aaed3484&state=513785060&redirect_uri=http%3A%2F%2Flocalhost%3A9005&scope=read%3Auser%20repo%20public_repo
[info] 
[info] Waiting for authentication...
[debug] [2021-04-30T10:10:01.709Z] >>> HTTP REQUEST POST https://github.com/login/oauth/access_token  
 {"client_id":"89cf50f02ac6aaed3484","client_secret":"3330d14abc895d9a74d5f17cd7a00711fa2c5bf0","code":"7f0fba579ba84afbff8c","redirect_uri":"http://localhost:9005","state":"513785060"}
[debug] [2021-04-30T10:10:02.277Z] <<< HTTP RESPONSE 200 {"server":"GitHub.com","date":"Fri, 30 Apr 2021 10:10:02 GMT","content-type":"application/json; charset=utf-8","transfer-encoding":"chunked","vary":"X-PJAX, Accept-Encoding, Accept, X-Requested-With","permissions-policy":"interest-cohort=()","etag":"W/\"fb0b9befab6becb7da82d2eb4d244164\"","cache-control":"max-age=0, private, must-revalidate","strict-transport-security":"max-age=31536000; includeSubdomains; preload","x-frame-options":"deny","x-content-type-options":"nosniff","x-xss-protection":"0","referrer-policy":"origin-when-cross-origin, strict-origin-when-cross-origin","expect-ct":"max-age=2592000, report-uri=\"https://api.github.com/_private/browser/errors\"","content-security-policy":"default-src 'none'; base-uri 'self'; block-all-mixed-content; connect-src 'self' uploads.github.com www.githubstatus.com collector.githubapp.com api.github.com github-cloud.s3.amazonaws.com github-production-repository-file-5c1aeb.s3.amazonaws.com github-production-upload-manifest-file-7fdce7.s3.amazonaws.com github-production-user-asset-6210df.s3.amazonaws.com cdn.optimizely.com logx.optimizely.com/v1/events wss://alive.github.com; font-src github.githubassets.com; form-action 'self' github.com gist.github.com; frame-ancestors 'none'; frame-src render.githubusercontent.com; img-src 'self' data: github.githubassets.com identicons.github.com collector.githubapp.com github-cloud.s3.amazonaws.com secured-user-images.githubusercontent.com/ *.githubusercontent.com; manifest-src 'self'; media-src 'none'; script-src github.githubassets.com; style-src 'unsafe-inline' github.githubassets.com; worker-src github.com/socket-worker-3f088aa2.js gist.github.com/socket-worker-3f088aa2.js","x-github-request-id":"F309:7BE6:401180:4EC8D3:608BD77A"}
[debug] [2021-04-30T10:10:02.350Z] >>> [apiv2][query] GET https://api.github.com/user [none]
[debug] [2021-04-30T10:10:02.983Z] <<< [apiv2][status] GET https://api.github.com/user 200
[debug] [2021-04-30T10:10:02.984Z] <<< [apiv2][body] GET https://api.github.com/user {"login":"Dharapatel13","id":76945578,"node_id":"MDQ6VXNlcjc2OTQ1NTc4","avatar_url":"https://avatars.githubusercontent.com/u/76945578?v=4","gravatar_id":"","url":"https://api.github.com/users/Dharapatel13","html_url":"https://github.com/Dharapatel13","followers_url":"https://api.github.com/users/Dharapatel13/followers","following_url":"https://api.github.com/users/Dharapatel13/following{/other_user}","gists_url":"https://api.github.com/users/Dharapatel13/gists{/gist_id}","starred_url":"https://api.github.com/users/Dharapatel13/starred{/owner}{/repo}","subscriptions_url":"https://api.github.com/users/Dharapatel13/subscriptions","organizations_url":"https://api.github.com/users/Dharapatel13/orgs","repos_url":"https://api.github.com/users/Dharapatel13/repos","events_url":"https://api.github.com/users/Dharapatel13/events{/privacy}","received_events_url":"https://api.github.com/users/Dharapatel13/received_events","type":"User","site_admin":false,"name":null,"company":null,"blog":"","location":null,"email":null,"hireable":null,"bio":null,"twitter_username":null,"public_repos":6,"public_gists":0,"followers":0,"following":0,"created_at":"2021-01-04T10:32:38Z","updated_at":"2021-04-30T10:10:01Z","private_gists":0,"total_private_repos":1,"owned_private_repos":1,"disk_usage":16619,"collaborators":3,"two_factor_authentication":false,"plan":{"name":"free","space":976562499,"collaborators":0,"private_repos":10000}}
[info] 
[info] +  Success! Logged into GitHub as Dharapatel13 
[info] 
[debug] [2021-04-30T10:10:22.807Z] >>> [apiv2][query] GET https://api.github.com/repos/redux/actions/secrets/public-key type=owner
[debug] [2021-04-30T10:10:23.700Z] <<< [apiv2][status] GET https://api.github.com/repos/redux/actions/secrets/public-key 404
[debug] [2021-04-30T10:10:23.700Z] <<< [apiv2][body] GET https://api.github.com/repos/redux/actions/secrets/public-key {"message":"Not Found","documentation_url":"https://docs.github.com/rest"}
[debug] [2021-04-30T10:10:29.099Z] >>> [apiv2][query] GET https://api.github.com/repos//actions/secrets/public-key type=owner
[debug] [2021-04-30T10:10:29.661Z] <<< [apiv2][status] GET https://api.github.com/repos//actions/secrets/public-key 404
[debug] [2021-04-30T10:10:29.661Z] <<< [apiv2][body] GET https://api.github.com/repos//actions/secrets/public-key {"message":"Not Found","documentation_url":"https://docs.github.com/rest"}
